Using pre-set license
Built from '2020.2/staging' branch; Version is '2020.2.7f1 (c53830e277f1) revision 12924976'; Using compiler version '192528614'; Build Type 'Release'
OS: 'Windows 10 Home; OS build 19042.844; Version 2009; 64bit' Language: 'en' Physical Memory: 24503 MB
BatchMode: 1, IsHumanControllingUs: 0, StartBugReporterOnCrash: 0, Is64bit: 1, IsPro: 0

 COMMAND LINE ARGUMENTS:
C:\Program Files\Unity\Hub\Editor\2020.2.7f1\Editor\Unity.exe
-adb2
-batchMode
-noUpm
-name
AssetImportWorker0
-projectPath
C:/Programming/Robot-Game
-logFile
Logs/AssetImportWorker0.log
-srvPort
61858
Successfully changed project path to: C:/Programming/Robot-Game
C:/Programming/Robot-Game
Using Asset Import Pipeline V2.
Refreshing native plugins compatible for Editor in 20.61 ms, found 0 plugins.
Preloading 0 native plugins for Editor in 0.00 ms.
Initialize engine version: 2020.2.7f1 (c53830e277f1)
[Subsystems] Discovering subsystems at path C:/Program Files/Unity/Hub/Editor/2020.2.7f1/Editor/Data/Resources/UnitySubsystems
[Subsystems] Discovering subsystems at path C:/Programming/Robot-Game/Assets
GfxDevice: creating device client; threaded=0
Direct3D:
    Version:  Direct3D 11.0 [level 11.1]
    Renderer: NVIDIA GeForce GTX 1070 (ID=0x1b81)
    Vendor:   
    VRAM:     8088 MB
    Driver:   27.21.14.6140
Initialize mono
Mono path[0] = 'C:/Program Files/Unity/Hub/Editor/2020.2.7f1/Editor/Data/Managed'
Mono path[1] = 'C:/Program Files/Unity/Hub/Editor/2020.2.7f1/Editor/Data/MonoBleedingEdge/lib/mono/unityjit'
Mono config path = 'C:/Program Files/Unity/Hub/Editor/2020.2.7f1/Editor/Data/MonoBleedingEdge/etc'
Using monoOptions --debugger-agent=transport=dt_socket,embedding=1,server=y,suspend=n,address=127.0.0.1:56708
Begin MonoManager ReloadAssembly
Registering precompiled unity dll's ...
Register platform support module: C:/Program Files/Unity/Hub/Editor/2020.2.7f1/Editor/Data/PlaybackEngines/WindowsStandaloneSupport/UnityEditor.WindowsStandalone.Extensions.dll
Registered in 0.001742 seconds.
Native extension for WindowsStandalone target not found
Refreshing native plugins compatible for Editor in 23.28 ms, found 0 plugins.
Preloading 0 native plugins for Editor in 0.00 ms.
Invoked RoslynAnalysisRunner static constructor.
RoslynAnalysisRunner will not be running.
RoslynAnalysisRunner has terminated.
Mono: successfully reloaded assembly
- Completed reload, in  1.000 seconds
Platform modules already initialized, skipping
Registering precompiled user dll's ...
Registered in 0.000646 seconds.
Begin MonoManager ReloadAssembly
Native extension for WindowsStandalone target not found
Refreshing native plugins compatible for Editor in 0.19 ms, found 0 plugins.
Preloading 0 native plugins for Editor in 0.00 ms.
Invoked RoslynAnalysisRunner static constructor.
RoslynAnalysisRunner will not be running.
RoslynAnalysisRunner has terminated.
Mono: successfully reloaded assembly
- Completed reload, in  0.719 seconds
Platform modules already initialized, skipping
========================================================================
Worker process is ready to serve import requests
Launched and connected shader compiler UnityShaderCompiler.exe after 0.03 seconds
Refreshing native plugins compatible for Editor in 0.21 ms, found 0 plugins.
Preloading 0 native plugins for Editor in 0.00 ms.
Unloading 1117 Unused Serialized files (Serialized files now loaded: 0)
System memory in use before: 68.8 MB.
System memory in use after: 68.8 MB.

Unloading 9 unused Assets to reduce memory usage. Loaded Objects now: 1578.
Total: 1.642900 ms (FindLiveObjects: 0.191200 ms CreateObjectMapping: 0.031600 ms MarkObjects: 1.347200 ms  DeleteObjects: 0.072100 ms)

========================================================================
Received Import Request.
  path: Assets/teleporter.fbx
  artifactKey: Guid(1bf211633d1c65648bc6703b7b255b50) Importer(815301076,1909f56bfc062723c751e8b465ee728b)
Start importing Assets/teleporter.fbx using Guid(1bf211633d1c65648bc6703b7b255b50) Importer(815301076,1909f56bfc062723c751e8b465ee728b)  -> (artifact id: 'adeb504442409bec95d9052719a33c52') in 0.154695 seconds
  Import took 0.156704 seconds .

========================================================================
Received Import Request.
  Time since last request: 0.000342 seconds.
  path: Assets/New Terrain Material.mat
  artifactKey: Guid(54e1cc9c6a161754eb7824de690a1aa4) Importer(815301076,1909f56bfc062723c751e8b465ee728b)
Start importing Assets/New Terrain Material.mat using Guid(54e1cc9c6a161754eb7824de690a1aa4) Importer(815301076,1909f56bfc062723c751e8b465ee728b)  -> (artifact id: '697d2210246a90cbe3cc6874a17874bb') in 0.017324 seconds
  Import took 0.019192 seconds .

========================================================================
Received Import Request.
  Time since last request: 0.000336 seconds.
  path: Assets/New Terrain 1.asset
  artifactKey: Guid(3365e14da66abe042a30e8896c024a8e) Importer(815301076,1909f56bfc062723c751e8b465ee728b)
Start importing Assets/New Terrain 1.asset using Guid(3365e14da66abe042a30e8896c024a8e) Importer(815301076,1909f56bfc062723c751e8b465ee728b)  -> (artifact id: '8dd061f65a31d5b13db7331db1937e4a') in 0.018568 seconds
  Import took 0.020553 seconds .

========================================================================
Received Import Request.
  Time since last request: 0.000255 seconds.
  path: Assets/Playerman_New.prefab
  artifactKey: Guid(1862f402bd1bd3842ace99ae49620c95) Importer(815301076,1909f56bfc062723c751e8b465ee728b)
Start importing Assets/Playerman_New.prefab using Guid(1862f402bd1bd3842ace99ae49620c95) Importer(815301076,1909f56bfc062723c751e8b465ee728b)  -> (artifact id: 'a2bd5481d5e3b7097b304bb24301dd55') in 0.066709 seconds
  Import took 0.069273 seconds .

========================================================================
Received Import Request.
  Time since last request: 0.000227 seconds.
  path: Assets/playerman.fbx
  artifactKey: Guid(814dbfd83d484114b9d430ac008bdaa1) Importer(815301076,1909f56bfc062723c751e8b465ee728b)
Start importing Assets/playerman.fbx using Guid(814dbfd83d484114b9d430ac008bdaa1) Importer(815301076,1909f56bfc062723c751e8b465ee728b)  -> (artifact id: 'a7c870ba4ebe2541e36d3440ba9b4d82') in 0.039148 seconds
  Import took 0.041410 seconds .

========================================================================
Received Import Request.
  Time since last request: 0.000215 seconds.
  path: Assets/wall_tile.png
  artifactKey: Guid(bf15e5581b2dd3245af20feb29f985b7) Importer(815301076,1909f56bfc062723c751e8b465ee728b)
Start importing Assets/wall_tile.png using Guid(bf15e5581b2dd3245af20feb29f985b7) Importer(815301076,1909f56bfc062723c751e8b465ee728b)  -> (artifact id: 'c52cbb83f65ce7765a04515eb33f92f0') in 0.019662 seconds
  Import took 0.021471 seconds .

========================================================================
Received Import Request.
  Time since last request: 0.000207 seconds.
  path: Assets/New Terrain.asset
  artifactKey: Guid(b7e1d1e54722e7442bab1a5dc46c5840) Importer(815301076,1909f56bfc062723c751e8b465ee728b)
Start importing Assets/New Terrain.asset using Guid(b7e1d1e54722e7442bab1a5dc46c5840) Importer(815301076,1909f56bfc062723c751e8b465ee728b)  -> (artifact id: '9e0fa8e9f4a8e656bc8dc1095055f9eb') in 0.015891 seconds
  Import took 0.017783 seconds .

========================================================================
Received Import Request.
  Time since last request: 0.000171 seconds.
  path: Assets/tile.png
  artifactKey: Guid(cc7a670812b9bd54daf1fcade64b55dc) Importer(815301076,1909f56bfc062723c751e8b465ee728b)
Start importing Assets/tile.png using Guid(cc7a670812b9bd54daf1fcade64b55dc) Importer(815301076,1909f56bfc062723c751e8b465ee728b)  -> (artifact id: '2ab86dedd0430b58d7dbf4514d34d163') in 0.012644 seconds
  Import took 0.014918 seconds .

========================================================================
Received Import Request.
  Time since last request: 0.000271 seconds.
  path: Assets/playerman.prefab
  artifactKey: Guid(54499223791759d4c8f216fa8cc3b0b2) Importer(815301076,1909f56bfc062723c751e8b465ee728b)
Start importing Assets/playerman.prefab using Guid(54499223791759d4c8f216fa8cc3b0b2) Importer(815301076,1909f56bfc062723c751e8b465ee728b)  -> (artifact id: '9861261ac9e0ca1e7016c07ff4af68f1') in 0.022897 seconds
  Import took 0.025362 seconds .

========================================================================
Received Import Request.
  Time since last request: 16.030755 seconds.
  path: Assets/NewMovement.cs
  artifactKey: Guid(59596b6c229d6bb4793947acfc81b798) Importer(815301076,1909f56bfc062723c751e8b465ee728b)
Start importing Assets/NewMovement.cs using Guid(59596b6c229d6bb4793947acfc81b798) Importer(815301076,1909f56bfc062723c751e8b465ee728b)  -> (artifact id: '36ff19294601eced89ff349f3bbe8299') in 0.007711 seconds
  Import took 0.009754 seconds .

========================================================================
Received Import Request.
  Time since last request: 0.018457 seconds.
  path: Assets/NewMovement.cs
  artifactKey: Guid(59596b6c229d6bb4793947acfc81b798) Importer(815301076,1909f56bfc062723c751e8b465ee728b)
Start importing Assets/NewMovement.cs using Guid(59596b6c229d6bb4793947acfc81b798) Importer(815301076,1909f56bfc062723c751e8b465ee728b)  -> (artifact id: '36ff19294601eced89ff349f3bbe8299') in 0.002117 seconds
  Import took 0.003840 seconds .

========================================================================
Received Import Request.
  Time since last request: 0.792704 seconds.
  path: Assets/NewMovement (1).cs
  artifactKey: Guid(dbb124bf01c92f64f9d926dc0fc08b28) Importer(815301076,1909f56bfc062723c751e8b465ee728b)
Start importing Assets/NewMovement (1).cs using Guid(dbb124bf01c92f64f9d926dc0fc08b28) Importer(815301076,1909f56bfc062723c751e8b465ee728b)  -> (artifact id: 'b02154d163b916f04867cbf25a2edeaf') in 0.005642 seconds
  Import took 0.007343 seconds .

========================================================================
Received Prepare
Registering precompiled user dll's ...
Registered in 0.000580 seconds.
Begin MonoManager ReloadAssembly
Native extension for WindowsStandalone target not found
Refreshing native plugins compatible for Editor in 0.20 ms, found 0 plugins.
Preloading 0 native plugins for Editor in 0.00 ms.
Invoked RoslynAnalysisRunner static constructor.
RoslynAnalysisRunner will not be running.
RoslynAnalysisRunner has terminated.
Mono: successfully reloaded assembly
- Completed reload, in  0.603 seconds
Platform modules already initialized, skipping
Refreshing native plugins compatible for Editor in 0.21 ms, found 0 plugins.
Preloading 0 native plugins for Editor in 0.00 ms.
Unloading 1111 Unused Serialized files (Serialized files now loaded: 0)
System memory in use before: 86.3 MB.
System memory in use after: 86.4 MB.

Unloading 5 unused Assets to reduce memory usage. Loaded Objects now: 1626.
Total: 1.326200 ms (FindLiveObjects: 0.122000 ms CreateObjectMapping: 0.031000 ms MarkObjects: 1.158800 ms  DeleteObjects: 0.013400 ms)

========================================================================
Received Import Request.
  Time since last request: 45.073452 seconds.
  path: Assets/Playerman_New.prefab
  artifactKey: Guid(1862f402bd1bd3842ace99ae49620c95) Importer(815301076,1909f56bfc062723c751e8b465ee728b)
Start importing Assets/Playerman_New.prefab using Guid(1862f402bd1bd3842ace99ae49620c95) Importer(815301076,1909f56bfc062723c751e8b465ee728b)  -> (artifact id: '2e7b6ef8ee84bf1b3c244c217805ce68') in 0.069224 seconds
  Import took 0.071917 seconds .

========================================================================
Received Import Request.
  Time since last request: 0.000303 seconds.
  path: Assets/playerman.prefab
  artifactKey: Guid(54499223791759d4c8f216fa8cc3b0b2) Importer(815301076,1909f56bfc062723c751e8b465ee728b)
Start importing Assets/playerman.prefab using Guid(54499223791759d4c8f216fa8cc3b0b2) Importer(815301076,1909f56bfc062723c751e8b465ee728b)  -> (artifact id: 'aa1ace6e3ac959050e2262c8ebf4ebbb') in 0.031499 seconds
  Import took 0.033971 seconds .

========================================================================
Received Prepare
Registering precompiled user dll's ...
Registered in 0.000846 seconds.
Begin MonoManager ReloadAssembly
Native extension for WindowsStandalone target not found
Refreshing native plugins compatible for Editor in 0.19 ms, found 0 plugins.
Preloading 0 native plugins for Editor in 0.00 ms.
Invoked RoslynAnalysisRunner static constructor.
RoslynAnalysisRunner will not be running.
RoslynAnalysisRunner has terminated.
Mono: successfully reloaded assembly
- Completed reload, in  0.596 seconds
Platform modules already initialized, skipping
Refreshing native plugins compatible for Editor in 0.25 ms, found 0 plugins.
Preloading 0 native plugins for Editor in 0.00 ms.
Unloading 1111 Unused Serialized files (Serialized files now loaded: 0)
System memory in use before: 86.3 MB.
System memory in use after: 86.4 MB.

Unloading 4 unused Assets to reduce memory usage. Loaded Objects now: 1630.
Total: 1.321000 ms (FindLiveObjects: 0.122900 ms CreateObjectMapping: 0.035900 ms MarkObjects: 1.151900 ms  DeleteObjects: 0.009700 ms)

========================================================================
Received Prepare
Registering precompiled user dll's ...
Registered in 0.000543 seconds.
Begin MonoManager ReloadAssembly
Native extension for WindowsStandalone target not found
Refreshing native plugins compatible for Editor in 0.19 ms, found 0 plugins.
Preloading 0 native plugins for Editor in 0.00 ms.
Invalid AssetDatabase path: /Editor/EditorResources/cm_logo_sm.png. Use path relative to the project folder.
UnityEngine.StackTraceUtility:ExtractStackTrace ()
UnityEditor.AssetDatabase:LoadAssetAtPath<UnityEngine.Texture2D> (string)
Cinemachine.Editor.CinemachineSettings:get_CinemachineLogoTexture () (at Library/PackageCache/com.unity.cinemachine@2.6.3/Editor/Windows/CinemachineSettings.cs:205)
Cinemachine.Editor.CinemachineSettings:.cctor () (at Library/PackageCache/com.unity.cinemachine@2.6.3/Editor/Windows/CinemachineSettings.cs:237)
Cinemachine.CinemachineColliderPrefs:.cctor () (at Library/PackageCache/com.unity.cinemachine@2.6.3/Editor/Windows/CinemachineColliderPrefs.cs:61)
System.Runtime.CompilerServices.RuntimeHelpers:RunClassConstructor (System.RuntimeTypeHandle)
UnityEditor.EditorAssemblies:ProcessInitializeOnLoadAttributes (System.Type[])

[Library/PackageCache/com.unity.cinemachine@2.6.3/Editor/Windows/CinemachineSettings.cs line 205]

Invoked RoslynAnalysisRunner static constructor.
RoslynAnalysisRunner will not be running.
RoslynAnalysisRunner has terminated.
Mono: successfully reloaded assembly
- Completed reload, in  0.605 seconds
Platform modules already initialized, skipping
Refreshing native plugins compatible for Editor in 0.24 ms, found 0 plugins.
Preloading 0 native plugins for Editor in 0.00 ms.
Unloading 1257 Unused Serialized files (Serialized files now loaded: 0)
System memory in use before: 91.3 MB.
System memory in use after: 91.4 MB.

Unloading 5 unused Assets to reduce memory usage. Loaded Objects now: 1778.
Total: 1.628200 ms (FindLiveObjects: 0.194200 ms CreateObjectMapping: 0.077300 ms MarkObjects: 1.301500 ms  DeleteObjects: 0.054600 ms)

========================================================================
Received Import Request.
  Time since last request: 171.319430 seconds.
  path: Assets/playerman.prefab
  artifactKey: Guid(54499223791759d4c8f216fa8cc3b0b2) Importer(815301076,1909f56bfc062723c751e8b465ee728b)
Start importing Assets/playerman.prefab using Guid(54499223791759d4c8f216fa8cc3b0b2) Importer(815301076,1909f56bfc062723c751e8b465ee728b)  -> (artifact id: '8faf7514ee66ffb873b0d0dafc02f8fd') in 0.081447 seconds
  Import took 0.084128 seconds .

========================================================================
Received Import Request.
  Time since last request: 0.000238 seconds.
  path: Assets/Playerman_New.prefab
  artifactKey: Guid(1862f402bd1bd3842ace99ae49620c95) Importer(815301076,1909f56bfc062723c751e8b465ee728b)
Start importing Assets/Playerman_New.prefab using Guid(1862f402bd1bd3842ace99ae49620c95) Importer(815301076,1909f56bfc062723c751e8b465ee728b)  -> (artifact id: '73ec8c25c5c9ce2fe43410e9e4b8538b') in 0.030899 seconds
  Import took 0.033229 seconds .

========================================================================
Received Prepare
Registering precompiled user dll's ...
Registered in 0.000616 seconds.
Begin MonoManager ReloadAssembly
Native extension for WindowsStandalone target not found
Refreshing native plugins compatible for Editor in 0.24 ms, found 0 plugins.
Preloading 0 native plugins for Editor in 0.00 ms.
Invoked RoslynAnalysisRunner static constructor.
RoslynAnalysisRunner will not be running.
RoslynAnalysisRunner has terminated.
Mono: successfully reloaded assembly
- Completed reload, in  0.629 seconds
Platform modules already initialized, skipping
Refreshing native plugins compatible for Editor in 0.23 ms, found 0 plugins.
Preloading 0 native plugins for Editor in 0.00 ms.
Unloading 1258 Unused Serialized files (Serialized files now loaded: 0)
System memory in use before: 91.5 MB.
System memory in use after: 91.6 MB.

Unloading 6 unused Assets to reduce memory usage. Loaded Objects now: 1783.
Total: 1.515700 ms (FindLiveObjects: 0.188900 ms CreateObjectMapping: 0.038100 ms MarkObjects: 1.248100 ms  DeleteObjects: 0.039300 ms)

AssetImportWorkerClient::OnTransportError - code=2 error=End of file
